# JRE version: Java(TM) SE Runtime Environment (8.0_65-b17) (build 1.8.0_65-b17)
# Java VM: Java HotSpot(TM) 64-Bit Server VM (25.65-b01 mixed mode windows-amd64 compressed oops)
Heap:
 PSYoungGen      total 452608K, used 254716K [0x00000000e0000000, 0x0000000100000000, 0x0000000100000000)
  eden space 382464K, 66% used [0x00000000e0000000,0x00000000ef8bf118,0x00000000f7580000)
  from space 70144K, 0% used [0x00000000f7580000,0x00000000f7580000,0x00000000fba00000)
  to   space 69632K, 0% used [0x00000000fbc00000,0x00000000fbc00000,0x0000000100000000)
 ParOldGen       total 226816K, used 44101K [0x00000000a0000000, 0x00000000add80000, 0x00000000e0000000)
  object space 226816K, 19% used [0x00000000a0000000,0x00000000a2b114c0,0x00000000add80000)
 Metaspace       used 78617K, capacity 81998K, committed 82304K, reserved 1122304K
  class space    used 9822K, capacity 10315K, committed 10368K, reserved 1048576K
GC Heap History (10 events):
Event: 6176.916 GC heap before
{Heap before GC invocations=72 (full 9):
 PSYoungGen      total 455168K, used 441777K [0x00000000e0000000, 0x0000000100000000, 0x0000000100000000)
  eden space 396288K, 100% used [0x00000000e0000000,0x00000000f8300000,0x00000000f8300000)
  from space 58880K, 77% used [0x00000000fc180000,0x00000000fedec438,0x00000000ffb00000)
  to   space 64000K, 0% used [0x00000000f8300000,0x00000000f8300000,0x00000000fc180000)
 ParOldGen       total 226816K, used 154394K [0x00000000a0000000, 0x00000000add80000, 0x00000000e0000000)
  object space 226816K, 68% used [0x00000000a0000000,0x00000000a96c6b88,0x00000000add80000)
 Metaspace       used 78173K, capacity 81304K, committed 81792K, reserved 1120256K
  class space    used 9770K, capacity 10241K, committed 10368K, reserved 1048576K
Event: 6177.030 GC heap after
Heap after GC invocations=72 (full 9):
 PSYoungGen      total 452096K, used 55534K [0x00000000e0000000, 0x0000000100000000, 0x0000000100000000)
  eden space 396288K, 0% used [0x00000000e0000000,0x00000000e0000000,0x00000000f8300000)
  from space 55808K, 99% used [0x00000000f8300000,0x00000000fb93b840,0x00000000fb980000)
  to   space 71680K, 0% used [0x00000000fba00000,0x00000000fba00000,0x0000000100000000)
 ParOldGen       total 226816K, used 173844K [0x00000000a0000000, 0x00000000add80000, 0x00000000e0000000)
  object space 226816K, 76% used [0x00000000a0000000,0x00000000aa9c5040,0x00000000add80000)
 Metaspace       used 78173K, capacity 81304K, committed 81792K, reserved 1120256K
  class space    used 9770K, capacity 10241K, committed 10368K, reserved 1048576K
}
Event: 6177.749 GC heap before
{Heap before GC invocations=73 (full 9):
 PSYoungGen      total 452096K, used 368874K [0x00000000e0000000, 0x0000000100000000, 0x0000000100000000)
  eden space 396288K, 79% used [0x00000000e0000000,0x00000000f31ff3b0,0x00000000f8300000)
  from space 55808K, 99% used [0x00000000f8300000,0x00000000fb93b840,0x00000000fb980000)
  to   space 71680K, 0% used [0x00000000fba00000,0x00000000fba00000,0x0000000100000000)
 ParOldGen       total 226816K, used 173844K [0x00000000a0000000, 0x00000000add80000, 0x00000000e0000000)
  object space 226816K, 76% used [0x00000000a0000000,0x00000000aa9c5040,0x00000000add80000)
 Metaspace       used 78185K, capacity 81304K, committed 81792K, reserved 1120256K
  class space    used 9770K, capacity 10241K, committed 10368K, reserved 1048576K
Event: 6177.783 GC heap after
Heap after GC invocations=73 (full 9):
 PSYoungGen      total 454144K, used 9424K [0x00000000e0000000, 0x0000000100000000, 0x0000000100000000)
  eden space 382464K, 0% used [0x00000000e0000000,0x00000000e0000000,0x00000000f7580000)
  from space 71680K, 13% used [0x00000000fba00000,0x00000000fc3343d8,0x0000000100000000)
  to   space 70144K, 0% used [0x00000000f7580000,0x00000000f7580000,0x00000000fba00000)
 ParOldGen       total 226816K, used 202218K [0x00000000a0000000, 0x00000000add80000, 0x00000000e0000000)
  object space 226816K, 89% used [0x00000000a0000000,0x00000000ac57a938,0x00000000add80000)
 Metaspace       used 78185K, capacity 81304K, committed 81792K, reserved 1120256K
  class space    used 9770K, capacity 10241K, committed 10368K, reserved 1048576K
}
Event: 6177.788 GC heap before
{Heap before GC invocations=74 (full 10):
 PSYoungGen      total 454144K, used 9424K [0x00000000e0000000, 0x0000000100000000, 0x0000000100000000)
  eden space 382464K, 0% used [0x00000000e0000000,0x00000000e0000000,0x00000000f7580000)
  from space 71680K, 13% used [0x00000000fba00000,0x00000000fc3343d8,0x0000000100000000)
  to   space 70144K, 0% used [0x00000000f7580000,0x00000000f7580000,0x00000000fba00000)
 ParOldGen       total 226816K, used 202218K [0x00000000a0000000, 0x00000000add80000, 0x00000000e0000000)
  object space 226816K, 89% used [0x00000000a0000000,0x00000000ac57a938,0x00000000add80000)
 Metaspace       used 78185K, capacity 81304K, committed 81792K, reserved 1120256K
  class space    used 9770K, capacity 10241K, committed 10368K, reserved 1048576K
Event: 6178.644 GC heap after
Heap after GC invocations=74 (full 10):
 PSYoungGen      total 454144K, used 0K [0x00000000e0000000, 0x0000000100000000, 0x0000000100000000)
  eden space 382464K, 0% used [0x00000000e0000000,0x00000000e0000000,0x00000000f7580000)
  from space 71680K, 0% used [0x00000000fba00000,0x00000000fba00000,0x0000000100000000)
  to   space 70144K, 0% used [0x00000000f7580000,0x00000000f7580000,0x00000000fba00000)
 ParOldGen       total 226816K, used 46101K [0x00000000a0000000, 0x00000000add80000, 0x00000000e0000000)
  object space 226816K, 20% used [0x00000000a0000000,0x00000000a2d05418,0x00000000add80000)
 Metaspace       used 78185K, capacity 81304K, committed 81792K, reserved 1120256K
  class space    used 9770K, capacity 10241K, committed 10368K, reserved 1048576K
}
Event: 6315.279 GC heap before
{Heap before GC invocations=75 (full 10):
 PSYoungGen      total 454144K, used 286626K [0x00000000e0000000, 0x0000000100000000, 0x0000000100000000)
  eden space 382464K, 74% used [0x00000000e0000000,0x00000000f17e8bd0,0x00000000f7580000)
  from space 71680K, 0% used [0x00000000fba00000,0x00000000fba00000,0x0000000100000000)
  to   space 70144K, 0% used [0x00000000f7580000,0x00000000f7580000,0x00000000fba00000)
 ParOldGen       total 226816K, used 46101K [0x00000000a0000000, 0x00000000add80000, 0x00000000e0000000)
  object space 226816K, 20% used [0x00000000a0000000,0x00000000a2d05418,0x00000000add80000)
 Metaspace       used 78486K, capacity 81704K, committed 82048K, reserved 1120256K
  class space    used 9806K, capacity 10294K, committed 10368K, reserved 1048576K
Event: 6315.285 GC heap after
Heap after GC invocations=75 (full 10):
 PSYoungGen      total 452608K, used 1847K [0x00000000e0000000, 0x0000000100000000, 0x0000000100000000)
  eden space 382464K, 0% used [0x00000000e0000000,0x00000000e0000000,0x00000000f7580000)
  from space 70144K, 2% used [0x00000000f7580000,0x00000000f774de40,0x00000000fba00000)
  to   space 69632K, 0% used [0x00000000fbc00000,0x00000000fbc00000,0x0000000100000000)
 ParOldGen       total 226816K, used 46109K [0x00000000a0000000, 0x00000000add80000, 0x00000000e0000000)
  object space 226816K, 20% used [0x00000000a0000000,0x00000000a2d07418,0x00000000add80000)
 Metaspace       used 78486K, capacity 81704K, committed 82048K, reserved 1120256K
  class space    used 9806K, capacity 10294K, committed 10368K, reserved 1048576K
}
Event: 6315.285 GC heap before
{Heap before GC invocations=76 (full 11):
 PSYoungGen      total 452608K, used 1847K [0x00000000e0000000, 0x0000000100000000, 0x0000000100000000)
  eden space 382464K, 0% used [0x00000000e0000000,0x00000000e0000000,0x00000000f7580000)
  from space 70144K, 2% used [0x00000000f7580000,0x00000000f774de40,0x00000000fba00000)
  to   space 69632K, 0% used [0x00000000fbc00000,0x00000000fbc00000,0x0000000100000000)
 ParOldGen       total 226816K, used 46109K [0x00000000a0000000, 0x00000000add80000, 0x00000000e0000000)
  object space 226816K, 20% used [0x00000000a0000000,0x00000000a2d07418,0x00000000add80000)
 Metaspace       used 78486K, capacity 81704K, committed 82048K, reserved 1120256K
  class space    used 9806K, capacity 10294K, committed 10368K, reserved 1048576K
Event: 6315.530 GC heap after
Heap after GC invocations=76 (full 11):
 PSYoungGen      total 452608K, used 0K [0x00000000e0000000, 0x0000000100000000, 0x0000000100000000)
  eden space 382464K, 0% used [0x00000000e0000000,0x00000000e0000000,0x00000000f7580000)
  from space 70144K, 0% used [0x00000000f7580000,0x00000000f7580000,0x00000000fba00000)
  to   space 69632K, 0% used [0x00000000fbc00000,0x00000000fbc00000,0x0000000100000000)
 ParOldGen       total 226816K, used 44101K [0x00000000a0000000, 0x00000000add80000, 0x00000000e0000000)
  object space 226816K, 19% used [0x00000000a0000000,0x00000000a2b114c0,0x00000000add80000)
 Metaspace       used 78486K, capacity 81704K, committed 82048K, reserved 1120256K
  class space    used 9806K, capacity 10294K, committed 10368K, reserved 1048576K
}

